<?xml version="1.0" encoding="UTF-8"?>
<testng-results ignored="0" total="1" passed="1" failed="0" skipped="0">
  <reporter-output>
  </reporter-output>
  <suite started-at="2020-11-14T15:14:03 CST" name="Default suite" finished-at="2020-11-14T15:14:24 CST" duration-ms="20611">
    <groups>
    </groups>
    <test started-at="2020-11-14T15:14:03 CST" name="Default test" finished-at="2020-11-14T15:14:24 CST" duration-ms="20611">
      <class name="test.BankandCashTest">
        <test-method signature="validUserShouldBeAbleToLogin()[pri:0, instance:test.BankandCashTest@a1cdc6d]" started-at="2020-11-14T15:14:03 CST" name="validUserShouldBeAbleToLogin" finished-at="2020-11-14T15:14:24 CST" duration-ms="20570" status="PASS">
          <reporter-output>
          </reporter-output>
        </test-method> <!-- validUserShouldBeAbleToLogin -->
      </class> <!-- test.BankandCashTest -->
    </test> <!-- Default test -->
  </suite> <!-- Default suite -->
</testng-results>
